<?xml version="1.0" encoding="UTF-8"?>
<coverage generated="1649335866911" clover="3.2.0">
  <project timestamp="1649335866911" name="All files">
    <metrics statements="8" coveredstatements="4" conditionals="0" coveredconditionals="0" methods="6" coveredmethods="2" elements="14" coveredelements="6" complexity="0" loc="8" ncloc="8" packages="1" files="2" classes="2"/>
    <file name="subs.js" path="C:\Sistemas\Laboratorio\desafio_ci_fullcycle\src\subs.js">
      <metrics statements="2" coveredstatements="2" conditionals="0" coveredconditionals="0" methods="1" coveredmethods="1"/>
      <line num="2" count="1" type="stmt"/>
      <line num="5" count="1" type="stmt"/>
    </file>
    <file name="sum.js" path="C:\Sistemas\Laboratorio\desafio_ci_fullcycle\src\sum.js">
      <metrics statements="6" coveredstatements="2" conditionals="0" coveredconditionals="0" methods="5" coveredmethods="1"/>
      <line num="2" count="1" type="stmt"/>
      <line num="6" count="0" type="stmt"/>
      <line num="10" count="0" type="stmt"/>
      <line num="14" count="0" type="stmt"/>
      <line num="18" count="0" type="stmt"/>
      <line num="21" count="1" type="stmt"/>
    </file>
  </project>
</coverage>
