<?xml version="1.0" encoding="UTF-8"?>
<coverage generated="1649333459282" clover="3.2.0">
  <project timestamp="1649333459282" name="All files">
    <metrics statements="7" coveredstatements="2" conditionals="0" coveredconditionals="0" methods="6" coveredmethods="1" elements="13" coveredelements="3" complexity="0" loc="7" ncloc="7" packages="1" files="1" classes="1"/>
    <file name="sum.js" path="C:\Sistemas\Laboratorio\desafio_ci_fullcycle\src\sum.js">
      <metrics statements="7" coveredstatements="2" conditionals="0" coveredconditionals="0" methods="6" coveredmethods="1"/>
      <line num="2" count="1" type="stmt"/>
      <line num="6" count="0" type="stmt"/>
      <line num="10" count="0" type="stmt"/>
      <line num="14" count="0" type="stmt"/>
      <line num="18" count="0" type="stmt"/>
      <line num="22" count="0" type="stmt"/>
      <line num="26" count="1" type="stmt"/>
    </file>
  </project>
</coverage>
