{"C:\\Sistemas\\Laboratorio\\desafio_ci_fullcycle\\src\\sum.js": {"path":"C:\\Sistemas\\Laboratorio\\desafio_ci_fullcycle\\src\\sum.js","statementMap":{"0":{"start":{"line":2,"column":2},"end":{"line":2,"column":15}},"1":{"start":{"line":6,"column":2},"end":{"line":6,"column":15}},"2":{"start":{"line":10,"column":2},"end":{"line":10,"column":15}},"3":{"start":{"line":14,"column":2},"end":{"line":14,"column":15}},"4":{"start":{"line":18,"column":2},"end":{"line":18,"column":15}},"5":{"start":{"line":22,"column":2},"end":{"line":22,"column":15}},"6":{"start":{"line":26,"column":0},"end":{"line":26,"column":20}}},"fnMap":{"0":{"name":"sum","decl":{"start":{"line":1,"column":9},"end":{"line":1,"column":12}},"loc":{"start":{"line":1,"column":19},"end":{"line":3,"column":1}},"line":1},"1":{"name":"time","decl":{"start":{"line":5,"column":9},"end":{"line":5,"column":13}},"loc":{"start":{"line":5,"column":20},"end":{"line":7,"column":1}},"line":5},"2":{"name":"subs","decl":{"start":{"line":9,"column":9},"end":{"line":9,"column":13}},"loc":{"start":{"line":9,"column":20},"end":{"line":11,"column":1}},"line":9},"3":{"name":"div","decl":{"start":{"line":13,"column":9},"end":{"line":13,"column":12}},"loc":{"start":{"line":13,"column":19},"end":{"line":15,"column":1}},"line":13},"4":{"name":"mod","decl":{"start":{"line":17,"column":9},"end":{"line":17,"column":12}},"loc":{"start":{"line":17,"column":19},"end":{"line":19,"column":1}},"line":17},"5":{"name":"mod2","decl":{"start":{"line":21,"column":9},"end":{"line":21,"column":13}},"loc":{"start":{"line":21,"column":20},"end":{"line":23,"column":1}},"line":21}},"branchMap":{},"s":{"0":1,"1":0,"2":0,"3":0,"4":0,"5":0,"6":1},"f":{"0":1,"1":0,"2":0,"3":0,"4":0,"5":0},"b":{},"_coverageSchema":"1a1c01bbd47fc00a2c39e90264f33305004495a9","hash":"4a3653c7c339045941065d5cadd8085f55f74dac"}
}
